UID        PID  PPID   LWP  C NLWP STIME TTY          TIME CMD
root         1     0     1  0    1 18:20 ?        00:00:01 /sbin/init splash
root         2     0     2  0    1 18:20 ?        00:00:00 [kthreadd]
root         4     2     4  0    1 18:20 ?        00:00:00 [kworker/0:0H]
root         6     2     6  0    1 18:20 ?        00:00:00 [ksoftirqd/0]
root         7     2     7  0    1 18:20 ?        00:00:00 [rcu_sched]
root         8     2     8  0    1 18:20 ?        00:00:00 [rcu_bh]
root         9     2     9  0    1 18:20 ?        00:00:00 [migration/0]
root        10     2    10  0    1 18:20 ?        00:00:00 [lru-add-drain]
root        11     2    11  0    1 18:20 ?        00:00:00 [watchdog/0]
root        12     2    12  0    1 18:20 ?        00:00:00 [cpuhp/0]
root        13     2    13  0    1 18:20 ?        00:00:00 [kdevtmpfs]
root        14     2    14  0    1 18:20 ?        00:00:00 [netns]
root        15     2    15  0    1 18:20 ?        00:00:00 [khungtaskd]
root        16     2    16  0    1 18:20 ?        00:00:00 [oom_reaper]
root        17     2    17  0    1 18:20 ?        00:00:00 [writeback]
root        18     2    18  0    1 18:20 ?        00:00:00 [kcompactd0]
root        19     2    19  0    1 18:20 ?        00:00:00 [ksmd]
root        20     2    20  0    1 18:20 ?        00:00:00 [khugepaged]
root        21     2    21  0    1 18:20 ?        00:00:00 [crypto]
root        22     2    22  0    1 18:20 ?        00:00:00 [kintegrityd]
root        23     2    23  0    1 18:20 ?        00:00:00 [bioset]
root        24     2    24  0    1 18:20 ?        00:00:00 [kblockd]
root        25     2    25  0    1 18:20 ?        00:00:00 [ata_sff]
root        26     2    26  0    1 18:20 ?        00:00:00 [md]
root        27     2    27  0    1 18:20 ?        00:00:00 [devfreq_wq]
root        28     2    28  0    1 18:20 ?        00:00:00 [watchdogd]
root        32     2    32  0    1 18:20 ?        00:00:00 [kauditd]
root        33     2    33  0    1 18:20 ?        00:00:00 [kswapd0]
root        34     2    34  0    1 18:20 ?        00:00:00 [vmstat]
root        35     2    35  0    1 18:20 ?        00:00:00 [bioset]
root        36     2    36  0    1 18:20 ?        00:00:00 [ecryptfs-kthrea]
root        76     2    76  0    1 18:20 ?        00:00:00 [kthrotld]
root        77     2    77  0    1 18:20 ?        00:00:00 [acpi_thermal_pm]
root        78     2    78  0    1 18:20 ?        00:00:00 [bioset]
root        79     2    79  0    1 18:20 ?        00:00:00 [bioset]
root        80     2    80  0    1 18:20 ?        00:00:00 [bioset]
root        81     2    81  0    1 18:20 ?        00:00:00 [bioset]
root        82     2    82  0    1 18:20 ?        00:00:00 [bioset]
root        83     2    83  0    1 18:20 ?        00:00:00 [bioset]
root        84     2    84  0    1 18:20 ?        00:00:00 [bioset]
root        85     2    85  0    1 18:20 ?        00:00:00 [bioset]
root        86     2    86  0    1 18:20 ?        00:00:00 [scsi_eh_0]
root        87     2    87  0    1 18:20 ?        00:00:00 [scsi_tmf_0]
root        88     2    88  0    1 18:20 ?        00:00:00 [scsi_eh_1]
root        89     2    89  0    1 18:20 ?        00:00:00 [scsi_tmf_1]
root        95     2    95  0    1 18:20 ?        00:00:00 [ipv6_addrconf]
root       116     2   116  0    1 18:20 ?        00:00:00 [charger_manager]
root       117     2   117  0    1 18:20 ?        00:00:00 [bioset]
root       166     2   166  0    1 18:20 ?        00:00:00 [kworker/0:1H]
root       167     2   167  0    1 18:20 ?        00:00:00 [scsi_eh_2]
root       168     2   168  0    1 18:20 ?        00:00:00 [scsi_tmf_2]
root       169     2   169  0    1 18:20 ?        00:00:00 [bioset]
root       190     2   190  0    1 18:20 ?        00:00:00 [jbd2/sda1-8]
root       191     2   191  0    1 18:20 ?        00:00:00 [ext4-rsv-conver]
root       225     1   225  0    1 18:20 ?        00:00:05 /lib/systemd/systemd-journald
root       242     1   242  0    1 18:20 ?        00:00:00 /lib/systemd/systemd-udevd
systemd+   309     1   309  0    2 18:20 ?        00:00:00 /lib/systemd/systemd-timesyncd
systemd+   309     1   329  0    2 18:20 ?        00:00:00 /lib/systemd/systemd-timesyncd
root       368     2   368  0    1 18:20 ?        00:00:00 [iprt-VBoxWQueue]
root       413     2   413  0    1 18:20 ?        00:00:00 [ttm_swap]
avahi      577     1   577  0    1 18:20 ?        00:00:00 avahi-daemon: running [garychen-VirtualBox.local]
syslog     584     1   584  0    4 18:20 ?        00:00:00 /usr/sbin/rsyslogd -n
syslog     584     1   632  0    4 18:20 ?        00:00:00 /usr/sbin/rsyslogd -n
syslog     584     1   633  0    4 18:20 ?        00:00:00 /usr/sbin/rsyslogd -n
syslog     584     1   634  0    4 18:20 ?        00:00:00 /usr/sbin/rsyslogd -n
avahi      586   577   586  0    1 18:20 ?        00:00:00 avahi-daemon: chroot helper
root       588     1   588  0   14 18:20 ?        00:00:00 /usr/sbin/repowerd
root       588     1   692  0   14 18:20 ?        00:00:00 /usr/sbin/repowerd
root       588     1   693  0   14 18:20 ?        00:00:00 /usr/sbin/repowerd
root       588     1   694  0   14 18:20 ?        00:00:00 /usr/sbin/repowerd
root       588     1   695  0   14 18:20 ?        00:00:00 /usr/sbin/repowerd
root       588     1   705  0   14 18:20 ?        00:00:00 /usr/sbin/repowerd
root       588     1   706  0   14 18:20 ?        00:00:00 /usr/sbin/repowerd
root       588     1   707  0   14 18:20 ?        00:00:00 /usr/sbin/repowerd
root       588     1   708  0   14 18:20 ?        00:00:00 /usr/sbin/repowerd
root       588     1   709  0   14 18:20 ?        00:00:00 /usr/sbin/repowerd
root       588     1   711  0   14 18:20 ?        00:00:00 /usr/sbin/repowerd
root       588     1   712  0   14 18:20 ?        00:00:00 /usr/sbin/repowerd
root       588     1   715  0   14 18:20 ?        00:00:00 /usr/sbin/repowerd
root       588     1   716  0   14 18:20 ?        00:00:00 /usr/sbin/repowerd
whoopsie   595     1   595  0    3 18:20 ?        00:00:00 /usr/bin/whoopsie -f
whoopsie   595     1   769  0    3 18:20 ?        00:00:00 /usr/bin/whoopsie -f
whoopsie   595     1   776  0    3 18:20 ?        00:00:00 /usr/bin/whoopsie -f
root       600     1   600  0    3 18:20 ?        00:00:00 /usr/lib/accountsservice/accounts-daemon
root       600     1   625  0    3 18:20 ?        00:00:00 /usr/lib/accountsservice/accounts-daemon
root       600     1   691  0    3 18:20 ?        00:00:00 /usr/lib/accountsservice/accounts-daemon
root       621     1   621  0    1 18:20 ?        00:00:00 /usr/sbin/acpid
root       622     1   622  0    3 18:20 ?        00:00:00 /usr/sbin/ModemManager
root       622     1   741  0    3 18:20 ?        00:00:00 /usr/sbin/ModemManager
root       622     1   771  0    3 18:20 ?        00:00:00 /usr/sbin/ModemManager
message+   623     1   623  0    1 18:20 ?        00:00:01 /usr/bin/dbus-daemon --system --address=systemd: --nofork --nopidfile --systemd-activation
root       681     1   681  0    1 18:20 ?        00:00:00 /usr/sbin/cupsd -l
root       682     1   682  0    3 18:20 ?        00:00:00 /usr/sbin/cups-browsed
root       682     1   801  0    3 18:20 ?        00:00:00 /usr/sbin/cups-browsed
root       682     1   802  0    3 18:20 ?        00:00:00 /usr/sbin/cups-browsed
root       683     1   683  0    1 18:20 ?        00:00:00 /usr/sbin/cron -f
root       684     1   684  0    3 18:20 ?        00:00:00 /usr/sbin/NetworkManager --no-daemon
root       684     1   779  0    3 18:20 ?        00:00:00 /usr/sbin/NetworkManager --no-daemon
root       684     1   782  0    3 18:20 ?        00:00:00 /usr/sbin/NetworkManager --no-daemon
root       685     1   685  0    1 18:20 ?        00:00:00 /lib/systemd/systemd-logind
root       696     1   696  0    8 18:20 ?        00:00:00 /usr/lib/snapd/snapd
root       696     1   766  0    8 18:20 ?        00:00:00 /usr/lib/snapd/snapd
root       696     1   767  0    8 18:20 ?        00:00:00 /usr/lib/snapd/snapd
root       696     1   768  0    8 18:20 ?        00:00:00 /usr/lib/snapd/snapd
root       696     1   781  0    8 18:20 ?        00:00:00 /usr/lib/snapd/snapd
root       696     1  1628  0    8 18:21 ?        00:00:00 /usr/lib/snapd/snapd
root       696     1  2191  0    8 18:30 ?        00:00:00 /usr/lib/snapd/snapd
root       696     1  2242  0    8 18:46 ?        00:00:00 /usr/lib/snapd/snapd
root       774     1   774  0    3 18:20 ?        00:00:00 /usr/lib/policykit-1/polkitd --no-debug
root       774     1   785  0    3 18:20 ?        00:00:00 /usr/lib/policykit-1/polkitd --no-debug
root       774     1   787  0    3 18:20 ?        00:00:00 /usr/lib/policykit-1/polkitd --no-debug
root       775     1   775  0    3 18:20 ?        00:00:00 /usr/lib/upower/upowerd
root       775     1   797  0    3 18:20 ?        00:00:00 /usr/lib/upower/upowerd
root       775     1   798  0    3 18:20 ?        00:00:00 /usr/lib/upower/upowerd
lp         783   681   783  0    1 18:20 ?        00:00:00 /usr/lib/cups/notifier/dbus dbus://
lp         784   681   784  0    1 18:20 ?        00:00:00 /usr/lib/cups/notifier/dbus dbus://
systemd+   870     1   870  0    1 18:20 ?        00:00:02 /lib/systemd/systemd-resolved
root       879     1   879  0    3 18:20 ?        00:00:00 /usr/sbin/lightdm
root       879     1   882  0    3 18:20 ?        00:00:00 /usr/sbin/lightdm
root       879     1   887  0    3 18:20 ?        00:00:00 /usr/sbin/lightdm
root       896   684   896  0    1 18:20 ?        00:00:00 /sbin/dhclient -d -q -sf /usr/lib/NetworkManager/nm-dhcp-helper -pf /var/run/dhclient-enp0s3.pid -lf /var/lib/NetworkManager/dhclient-b5da0241-a46e-3828-8a89-3c024f1c4fdd-enp0s3.lease -cf /var/lib/NetworkManager/dhclient-enp0s3.conf enp0s3
root       920   879   920  4    2 18:20 tty7     00:07:49 /usr/lib/xorg/Xorg -core :0 -seat seat0 -auth /var/run/lightdm/root/:0 -nolisten tcp vt7 -novtswitch
root       920   879   979  0    2 18:20 tty7     00:00:14 /usr/lib/xorg/Xorg -core :0 -seat seat0 -auth /var/run/lightdm/root/:0 -nolisten tcp vt7 -novtswitch
root       926     1   926  0    1 18:20 tty1     00:00:00 /sbin/agetty --noclear tty1 linux
rtkit     1086     1  1086  0    3 18:20 ?        00:00:00 /usr/lib/rtkit/rtkit-daemon
rtkit     1086     1  1087  0    3 18:20 ?        00:00:00 /usr/lib/rtkit/rtkit-daemon
rtkit     1086     1  1088  0    3 18:20 ?        00:00:00 /usr/lib/rtkit/rtkit-daemon
colord    1095     1  1095  0    3 18:20 ?        00:00:00 /usr/lib/colord/colord
colord    1095     1  1096  0    3 18:20 ?        00:00:00 /usr/lib/colord/colord
colord    1095     1  1098  0    3 18:20 ?        00:00:00 /usr/lib/colord/colord
root      1104   879  1104  0    3 18:20 ?        00:00:00 lightdm --session-child 12 19
root      1104   879  1120  0    3 18:20 ?        00:00:00 lightdm --session-child 12 19
root      1104   879  1121  0    3 18:20 ?        00:00:00 lightdm --session-child 12 19
garychen  1123     1  1123  0    1 18:20 ?        00:00:00 /lib/systemd/systemd --user
garychen  1124  1123  1124  0    1 18:20 ?        00:00:00 (sd-pam)
garychen  1130     1  1130  0    4 18:20 ?        00:00:00 /usr/bin/gnome-keyring-daemon --daemonize --login
garychen  1130     1  1131  0    4 18:20 ?        00:00:00 /usr/bin/gnome-keyring-daemon --daemonize --login
garychen  1130     1  1132  0    4 18:20 ?        00:00:00 /usr/bin/gnome-keyring-daemon --daemonize --login
garychen  1130     1  1382  0    4 18:21 ?        00:00:00 /usr/bin/gnome-keyring-daemon --daemonize --login
garychen  1133  1104  1133  0    1 18:20 ?        00:00:00 /bin/sh /usr/lib/gnome-session/run-systemd-session ubuntu-session.target
garychen  1166  1123  1166  0    1 18:20 ?        00:00:01 /usr/bin/dbus-daemon --session --address=systemd: --nofork --nopidfile --systemd-activation
garychen  1235  1133  1235  0    1 18:20 ?        00:00:00 /usr/bin/ssh-agent /usr/bin/im-launch /usr/lib/gnome-session/run-systemd-session ubuntu-session.target
garychen  1252     1  1252  0    3 18:20 ?        00:00:03 /usr/bin/ibus-daemon --daemonize --xim --address unix:tmpdir=/tmp/ibus
garychen  1252     1  1256  0    3 18:20 ?        00:00:00 /usr/bin/ibus-daemon --daemonize --xim --address unix:tmpdir=/tmp/ibus
garychen  1252     1  1257  0    3 18:20 ?        00:00:07 /usr/bin/ibus-daemon --daemonize --xim --address unix:tmpdir=/tmp/ibus
garychen  1258  1123  1258  0    3 18:20 ?        00:00:00 /usr/lib/gvfs/gvfsd
garychen  1258  1123  1259  0    3 18:20 ?        00:00:00 /usr/lib/gvfs/gvfsd
garychen  1258  1123  1260  0    3 18:20 ?        00:00:00 /usr/lib/gvfs/gvfsd
garychen  1263  1123  1263  0    6 18:20 ?        00:00:00 /usr/lib/gvfs/gvfsd-fuse /run/user/1000/gvfs -f -o big_writes
garychen  1263  1123  1269  0    6 18:20 ?        00:00:00 /usr/lib/gvfs/gvfsd-fuse /run/user/1000/gvfs -f -o big_writes
garychen  1263  1123  1270  0    6 18:20 ?        00:00:00 /usr/lib/gvfs/gvfsd-fuse /run/user/1000/gvfs -f -o big_writes
garychen  1263  1123  1271  0    6 18:20 ?        00:00:00 /usr/lib/gvfs/gvfsd-fuse /run/user/1000/gvfs -f -o big_writes
garychen  1263  1123  1272  0    6 18:20 ?        00:00:00 /usr/lib/gvfs/gvfsd-fuse /run/user/1000/gvfs -f -o big_writes
garychen  1263  1123  1280  0    6 18:20 ?        00:00:00 /usr/lib/gvfs/gvfsd-fuse /run/user/1000/gvfs -f -o big_writes
garychen  1265  1252  1265  0    4 18:20 ?        00:00:00 /usr/lib/ibus/ibus-dconf
garychen  1265  1252  1281  0    4 18:20 ?        00:00:00 /usr/lib/ibus/ibus-dconf
garychen  1265  1252  1282  0    4 18:20 ?        00:00:00 /usr/lib/ibus/ibus-dconf
garychen  1265  1252  1293  0    4 18:20 ?        00:00:00 /usr/lib/ibus/ibus-dconf
garychen  1267  1252  1267  0    4 18:20 ?        00:00:01 /usr/lib/ibus/ibus-ui-gtk3
garychen  1267  1252  1306  0    4 18:20 ?        00:00:00 /usr/lib/ibus/ibus-ui-gtk3
garychen  1267  1252  1307  0    4 18:20 ?        00:00:01 /usr/lib/ibus/ibus-ui-gtk3
garychen  1267  1252  1313  0    4 18:20 ?        00:00:00 /usr/lib/ibus/ibus-ui-gtk3
garychen  1279     1  1279  0    3 18:20 ?        00:00:00 /usr/lib/ibus/ibus-x11 --kill-daemon
garychen  1279     1  1308  0    3 18:20 ?        00:00:00 /usr/lib/ibus/ibus-x11 --kill-daemon
garychen  1279     1  1309  0    3 18:20 ?        00:00:00 /usr/lib/ibus/ibus-x11 --kill-daemon
garychen  1339  1252  1339  0    3 18:20 ?        00:00:00 /usr/lib/ibus/ibus-engine-simple
garychen  1339  1252  1344  0    3 18:20 ?        00:00:00 /usr/lib/ibus/ibus-engine-simple
garychen  1339  1252  1345  0    3 18:20 ?        00:00:02 /usr/lib/ibus/ibus-engine-simple
garychen  1377  1133  1377  0    1 18:21 ?        00:00:00 systemctl --user start --wait ubuntu-session.target
garychen  1392  1123  1392  0    4 18:21 ?        00:00:00 /usr/lib/x86_64-linux-gnu/indicator-messages/indicator-messages-service
garychen  1392  1123  1398  0    4 18:21 ?        00:00:00 /usr/lib/x86_64-linux-gnu/indicator-messages/indicator-messages-service
garychen  1392  1123  1407  0    4 18:21 ?        00:00:00 /usr/lib/x86_64-linux-gnu/indicator-messages/indicator-messages-service
garychen  1392  1123  1428  0    4 18:21 ?        00:00:00 /usr/lib/x86_64-linux-gnu/indicator-messages/indicator-messages-service
garychen  1394  1123  1394  0    4 18:21 ?        00:00:02 /usr/lib/x86_64-linux-gnu/bamf/bamfdaemon
garychen  1394  1123  1469  0    4 18:21 ?        00:00:00 /usr/lib/x86_64-linux-gnu/bamf/bamfdaemon
garychen  1394  1123  1485  0    4 18:21 ?        00:00:00 /usr/lib/x86_64-linux-gnu/bamf/bamfdaemon
garychen  1394  1123  3382  0    4 21:11 ?        00:00:00 /usr/lib/x86_64-linux-gnu/bamf/bamfdaemon
garychen  1395  1123  1395  0    4 18:21 ?        00:00:00 /usr/lib/x86_64-linux-gnu/indicator-keyboard/indicator-keyboard-service --use-gtk
garychen  1395  1123  1505  0    4 18:21 ?        00:00:00 /usr/lib/x86_64-linux-gnu/indicator-keyboard/indicator-keyboard-service --use-gtk
garychen  1395  1123  1506  0    4 18:21 ?        00:00:00 /usr/lib/x86_64-linux-gnu/indicator-keyboard/indicator-keyboard-service --use-gtk
garychen  1395  1123  1536  0    4 18:21 ?        00:00:00 /usr/lib/x86_64-linux-gnu/indicator-keyboard/indicator-keyboard-service --use-gtk
garychen  1408  1123  1408  0    2 18:21 ?        00:00:00 /usr/lib/x86_64-linux-gnu/hud/window-stack-bridge
garychen  1408  1123  1423  0    2 18:21 ?        00:00:00 /usr/lib/x86_64-linux-gnu/hud/window-stack-bridge
garychen  1409  1123  1409  0    3 18:21 ?        00:00:00 /usr/lib/x86_64-linux-gnu/indicator-printers/indicator-printers-service
garychen  1409  1123  1486  0    3 18:21 ?        00:00:00 /usr/lib/x86_64-linux-gnu/indicator-printers/indicator-printers-service
garychen  1409  1123  1489  0    3 18:21 ?        00:00:00 /usr/lib/x86_64-linux-gnu/indicator-printers/indicator-printers-service
garychen  1410  1123  1410  0    9 18:21 ?        00:00:00 /usr/lib/x86_64-linux-gnu/indicator-datetime/indicator-datetime-service
garychen  1410  1123  1477  0    9 18:21 ?        00:00:00 /usr/lib/x86_64-linux-gnu/indicator-datetime/indicator-datetime-service
garychen  1410  1123  1478  0    9 18:21 ?        00:00:00 /usr/lib/x86_64-linux-gnu/indicator-datetime/indicator-datetime-service
garychen  1410  1123  1495  0    9 18:21 ?        00:00:00 /usr/lib/x86_64-linux-gnu/indicator-datetime/indicator-datetime-service
garychen  1410  1123  1496  0    9 18:21 ?        00:00:00 /usr/lib/x86_64-linux-gnu/indicator-datetime/indicator-datetime-service
garychen  1410  1123  1510  0    9 18:21 ?        00:00:00 /usr/lib/x86_64-linux-gnu/indicator-datetime/indicator-datetime-service
garychen  1410  1123  1514  0    9 18:21 ?        00:00:00 /usr/lib/x86_64-linux-gnu/indicator-datetime/indicator-datetime-service
garychen  1410  1123  1524  0    9 18:21 ?        00:00:00 /usr/lib/x86_64-linux-gnu/indicator-datetime/indicator-datetime-service
garychen  1410  1123  1629  0    9 18:21 ?        00:00:00 /usr/lib/x86_64-linux-gnu/indicator-datetime/indicator-datetime-service
garychen  1414  1123  1414  0    4 18:21 ?        00:00:00 /usr/lib/x86_64-linux-gnu/indicator-power/indicator-power-service
garychen  1414  1123  1420  0    4 18:21 ?        00:00:00 /usr/lib/x86_64-linux-gnu/indicator-power/indicator-power-service
garychen  1414  1123  1432  0    4 18:21 ?        00:00:00 /usr/lib/x86_64-linux-gnu/indicator-power/indicator-power-service
garychen  1414  1123  1438  0    4 18:21 ?        00:00:00 /usr/lib/x86_64-linux-gnu/indicator-power/indicator-power-service
garychen  1424  1123  1424  0    4 18:21 ?        00:00:00 /usr/lib/x86_64-linux-gnu/indicator-session/indicator-session-service
garychen  1424  1123  1435  0    4 18:21 ?        00:00:00 /usr/lib/x86_64-linux-gnu/indicator-session/indicator-session-service
garychen  1424  1123  1436  0    4 18:21 ?        00:00:00 /usr/lib/x86_64-linux-gnu/indicator-session/indicator-session-service
garychen  1424  1123  1439  0    4 18:21 ?        00:00:00 /usr/lib/x86_64-linux-gnu/indicator-session/indicator-session-service
garychen  1425  1123  1425  0    4 18:21 ?        00:00:01 /usr/lib/unity-settings-daemon/unity-settings-daemon
garychen  1425  1123  1481  0    4 18:21 ?        00:00:00 /usr/lib/unity-settings-daemon/unity-settings-daemon
garychen  1425  1123  1490  0    4 18:21 ?        00:00:00 /usr/lib/unity-settings-daemon/unity-settings-daemon
garychen  1425  1123  1504  0    4 18:21 ?        00:00:00 /usr/lib/unity-settings-daemon/unity-settings-daemon
garychen  1426  1123  1426  0    3 18:21 ?        00:00:00 /usr/lib/x86_64-linux-gnu/indicator-application/indicator-application-service
garychen  1426  1123  1467  0    3 18:21 ?        00:00:00 /usr/lib/x86_64-linux-gnu/indicator-application/indicator-application-service
garychen  1426  1123  1484  0    3 18:21 ?        00:00:00 /usr/lib/x86_64-linux-gnu/indicator-application/indicator-application-service
garychen  1427  1123  1427  0    4 18:21 ?        00:00:00 /usr/lib/x86_64-linux-gnu/indicator-sound/indicator-sound-service
garychen  1427  1123  1429  0    4 18:21 ?        00:00:00 /usr/lib/x86_64-linux-gnu/indicator-sound/indicator-sound-service
garychen  1427  1123  1437  0    4 18:21 ?        00:00:00 /usr/lib/x86_64-linux-gnu/indicator-sound/indicator-sound-service
garychen  1427  1123  1475  0    4 18:21 ?        00:00:00 /usr/lib/x86_64-linux-gnu/indicator-sound/indicator-sound-service
garychen  1431  1123  1431  0    4 18:21 ?        00:00:00 /usr/lib/x86_64-linux-gnu/indicator-bluetooth/indicator-bluetooth-service
garychen  1431  1123  1433  0    4 18:21 ?        00:00:00 /usr/lib/x86_64-linux-gnu/indicator-bluetooth/indicator-bluetooth-service
garychen  1431  1123  1454  0    4 18:21 ?        00:00:00 /usr/lib/x86_64-linux-gnu/indicator-bluetooth/indicator-bluetooth-service
garychen  1431  1123  1457  0    4 18:21 ?        00:00:00 /usr/lib/x86_64-linux-gnu/indicator-bluetooth/indicator-bluetooth-service
garychen  1453  1123  1453  0    4 18:21 ?        00:00:00 /usr/lib/gnome-session/gnome-session-binary --session=ubuntu
garychen  1453  1123  1517  0    4 18:21 ?        00:00:00 /usr/lib/gnome-session/gnome-session-binary --session=ubuntu
garychen  1453  1123  1518  0    4 18:21 ?        00:00:00 /usr/lib/gnome-session/gnome-session-binary --session=ubuntu
garychen  1453  1123  1584  0    4 18:21 ?        00:00:00 /usr/lib/gnome-session/gnome-session-binary --session=ubuntu
garychen  1465  1123  1465  0    3 18:21 ?        00:00:00 /usr/lib/dconf/dconf-service
garychen  1465  1123  1491  0    3 18:21 ?        00:00:00 /usr/lib/dconf/dconf-service
garychen  1465  1123  1492  0    3 18:21 ?        00:00:00 /usr/lib/dconf/dconf-service
garychen  1499  1123  1499  0    3 18:21 ?        00:00:00 /usr/bin/pulseaudio --start --log-target=syslog
garychen  1499  1123  1531  0    3 18:21 ?        00:00:01 /usr/bin/pulseaudio --start --log-target=syslog
garychen  1499  1123  1532  0    3 18:21 ?        00:00:00 /usr/bin/pulseaudio --start --log-target=syslog
garychen  1525  1123  1525  0    4 18:21 ?        00:00:00 /usr/lib/evolution/evolution-source-registry
garychen  1525  1123  1546  0    4 18:21 ?        00:00:00 /usr/lib/evolution/evolution-source-registry
garychen  1525  1123  1547  0    4 18:21 ?        00:00:00 /usr/lib/evolution/evolution-source-registry
garychen  1525  1123  1551  0    4 18:21 ?        00:00:00 /usr/lib/evolution/evolution-source-registry
garychen  1530  1123  1530  0    2 18:21 ?        00:00:00 /usr/bin/python3 /usr/bin/libertined --cache-output
garychen  1530  1123  1625  0    2 18:21 ?        00:00:00 /usr/bin/python3 /usr/bin/libertined --cache-output
root      1539     1  1539  0    3 18:21 ?        00:00:00 /usr/lib/x86_64-linux-gnu/unity-greeter-session-broadcast/unity-greeter-session-broadcast-service
root      1539     1  1548  0    3 18:21 ?        00:00:00 /usr/lib/x86_64-linux-gnu/unity-greeter-session-broadcast/unity-greeter-session-broadcast-service
root      1539     1  1554  0    3 18:21 ?        00:00:00 /usr/lib/x86_64-linux-gnu/unity-greeter-session-broadcast/unity-greeter-session-broadcast-service
garychen  1562  1123  1562 18    5 18:21 ?        00:30:58 /usr/bin/compiz
garychen  1562  1123  1570  0    5 18:21 ?        00:00:00 /usr/bin/compiz
garychen  1562  1123  1577  0    5 18:21 ?        00:00:00 /usr/bin/compiz
garychen  1562  1123  1578  0    5 18:21 ?        00:00:00 /usr/bin/compiz
garychen  1562  1123  1945  0    5 18:21 ?        00:00:00 /usr/bin/compiz
garychen  1572  1123  1572  0    4 18:21 ?        00:00:01 /usr/lib/x86_64-linux-gnu/unity/unity-panel-service
garychen  1572  1123  1580  0    4 18:21 ?        00:00:00 /usr/lib/x86_64-linux-gnu/unity/unity-panel-service
garychen  1572  1123  1581  0    4 18:21 ?        00:00:01 /usr/lib/x86_64-linux-gnu/unity/unity-panel-service
garychen  1572  1123  1582  0    4 18:21 ?        00:00:00 /usr/lib/x86_64-linux-gnu/unity/unity-panel-service
garychen  1597  1453  1597  0    4 18:21 ?        00:00:00 /usr/lib/at-spi2-core/at-spi-bus-launcher --launch-immediately
garychen  1597  1453  1605  0    4 18:21 ?        00:00:00 /usr/lib/at-spi2-core/at-spi-bus-launcher --launch-immediately
garychen  1597  1453  1606  0    4 18:21 ?        00:00:00 /usr/lib/at-spi2-core/at-spi-bus-launcher --launch-immediately
garychen  1597  1453  1608  0    4 18:21 ?        00:00:00 /usr/lib/at-spi2-core/at-spi-bus-launcher --launch-immediately
garychen  1613  1597  1613  0    1 18:21 ?        00:00:00 /usr/bin/dbus-daemon --config-file=/usr/share/defaults/at-spi2/accessibility.conf --nofork --print-address 3
garychen  1620  1123  1620  0    3 18:21 ?        00:00:00 /usr/lib/at-spi2-core/at-spi2-registryd --use-gnome-session
garychen  1620  1123  1623  0    3 18:21 ?        00:00:00 /usr/lib/at-spi2-core/at-spi2-registryd --use-gnome-session
garychen  1620  1123  1624  0    3 18:21 ?        00:00:00 /usr/lib/at-spi2-core/at-spi2-registryd --use-gnome-session
garychen  1630  1123  1630  0    5 18:21 ?        00:00:00 /usr/lib/evolution/evolution-calendar-factory
garychen  1630  1123  1660  0    5 18:21 ?        00:00:00 /usr/lib/evolution/evolution-calendar-factory
garychen  1630  1123  1661  0    5 18:21 ?        00:00:00 /usr/lib/evolution/evolution-calendar-factory
garychen  1630  1123  1685  0    5 18:21 ?        00:00:00 /usr/lib/evolution/evolution-calendar-factory
garychen  1630  1123  1686  0    5 18:21 ?        00:00:00 /usr/lib/evolution/evolution-calendar-factory
garychen  1635  1453  1635  0    5 18:21 ?        00:00:08 nautilus -n
garychen  1635  1453  1732  0    5 18:21 ?        00:00:00 nautilus -n
garychen  1635  1453  1733  0    5 18:21 ?        00:00:00 nautilus -n
garychen  1635  1453  1785  0    5 18:21 ?        00:00:00 nautilus -n
garychen  1635  1453  2023  0    5 18:22 ?        00:00:00 nautilus -n
garychen  1637  1453  1637  0    4 18:21 ?        00:00:00 /usr/lib/policykit-1-gnome/polkit-gnome-authentication-agent-1
garychen  1637  1453  1712  0    4 18:21 ?        00:00:00 /usr/lib/policykit-1-gnome/polkit-gnome-authentication-agent-1
garychen  1637  1453  1713  0    4 18:21 ?        00:00:00 /usr/lib/policykit-1-gnome/polkit-gnome-authentication-agent-1
garychen  1637  1453  1715  0    4 18:21 ?        00:00:00 /usr/lib/policykit-1-gnome/polkit-gnome-authentication-agent-1
garychen  1654  1453  1654  0    4 18:21 ?        00:00:00 /usr/lib/unity-settings-daemon/unity-fallback-mount-helper
garychen  1654  1453  1727  0    4 18:21 ?        00:00:00 /usr/lib/unity-settings-daemon/unity-fallback-mount-helper
garychen  1654  1453  1728  0    4 18:21 ?        00:00:00 /usr/lib/unity-settings-daemon/unity-fallback-mount-helper
garychen  1654  1453  1731  0    4 18:21 ?        00:00:00 /usr/lib/unity-settings-daemon/unity-fallback-mount-helper
garychen  1663  1453  1663  0    4 18:21 ?        00:00:01 /usr/bin/gnome-software --gapplication-service
garychen  1663  1453  1767  0    4 18:21 ?        00:00:00 /usr/bin/gnome-software --gapplication-service
garychen  1663  1453  1768  0    4 18:21 ?        00:00:00 /usr/bin/gnome-software --gapplication-service
garychen  1663  1453  1792  0    4 18:21 ?        00:00:00 /usr/bin/gnome-software --gapplication-service
garychen  1664  1453  1664  0    4 18:21 ?        00:00:00 nm-applet
garychen  1664  1453  1778  0    4 18:21 ?        00:00:00 nm-applet
garychen  1664  1453  1779  0    4 18:21 ?        00:00:00 nm-applet
garychen  1664  1453  1781  0    4 18:21 ?        00:00:00 nm-applet
garychen  1705  1630  1705  0    7 18:21 ?        00:00:00 /usr/lib/evolution/evolution-calendar-factory-subprocess --factory contacts --bus-name org.gnome.evolution.dataserver.Subprocess.Backend.Calendarx1630x2 --own-path /org/gnome/evolution/dataserver/Subprocess/Backend/Calendar/1630/2
garychen  1705  1630  1709  0    7 18:21 ?        00:00:00 /usr/lib/evolution/evolution-calendar-factory-subprocess --factory contacts --bus-name org.gnome.evolution.dataserver.Subprocess.Backend.Calendarx1630x2 --own-path /org/gnome/evolution/dataserver/Subprocess/Backend/Calendar/1630/2
garychen  1705  1630  1710  0    7 18:21 ?        00:00:00 /usr/lib/evolution/evolution-calendar-factory-subprocess --factory contacts --bus-name org.gnome.evolution.dataserver.Subprocess.Backend.Calendarx1630x2 --own-path /org/gnome/evolution/dataserver/Subprocess/Backend/Calendar/1630/2
garychen  1705  1630  1711  0    7 18:21 ?        00:00:00 /usr/lib/evolution/evolution-calendar-factory-subprocess --factory contacts --bus-name org.gnome.evolution.dataserver.Subprocess.Backend.Calendarx1630x2 --own-path /org/gnome/evolution/dataserver/Subprocess/Backend/Calendar/1630/2
garychen  1705  1630  1714  0    7 18:21 ?        00:00:00 /usr/lib/evolution/evolution-calendar-factory-subprocess --factory contacts --bus-name org.gnome.evolution.dataserver.Subprocess.Backend.Calendarx1630x2 --own-path /org/gnome/evolution/dataserver/Subprocess/Backend/Calendar/1630/2
garychen  1705  1630  1718  0    7 18:21 ?        00:00:00 /usr/lib/evolution/evolution-calendar-factory-subprocess --factory contacts --bus-name org.gnome.evolution.dataserver.Subprocess.Backend.Calendarx1630x2 --own-path /org/gnome/evolution/dataserver/Subprocess/Backend/Calendar/1630/2
garychen  1705  1630  1721  0    7 18:21 ?        00:00:00 /usr/lib/evolution/evolution-calendar-factory-subprocess --factory contacts --bus-name org.gnome.evolution.dataserver.Subprocess.Backend.Calendarx1630x2 --own-path /org/gnome/evolution/dataserver/Subprocess/Backend/Calendar/1630/2
garychen  1720  1630  1720  0    5 18:21 ?        00:00:00 /usr/lib/evolution/evolution-calendar-factory-subprocess --factory local --bus-name org.gnome.evolution.dataserver.Subprocess.Backend.Calendarx1630x3 --own-path /org/gnome/evolution/dataserver/Subprocess/Backend/Calendar/1630/3
garychen  1720  1630  1736  0    5 18:21 ?        00:00:00 /usr/lib/evolution/evolution-calendar-factory-subprocess --factory local --bus-name org.gnome.evolution.dataserver.Subprocess.Backend.Calendarx1630x3 --own-path /org/gnome/evolution/dataserver/Subprocess/Backend/Calendar/1630/3
garychen  1720  1630  1737  0    5 18:21 ?        00:00:00 /usr/lib/evolution/evolution-calendar-factory-subprocess --factory local --bus-name org.gnome.evolution.dataserver.Subprocess.Backend.Calendarx1630x3 --own-path /org/gnome/evolution/dataserver/Subprocess/Backend/Calendar/1630/3
garychen  1720  1630  1739  0    5 18:21 ?        00:00:00 /usr/lib/evolution/evolution-calendar-factory-subprocess --factory local --bus-name org.gnome.evolution.dataserver.Subprocess.Backend.Calendarx1630x3 --own-path /org/gnome/evolution/dataserver/Subprocess/Backend/Calendar/1630/3
garychen  1720  1630  1740  0    5 18:21 ?        00:00:00 /usr/lib/evolution/evolution-calendar-factory-subprocess --factory local --bus-name org.gnome.evolution.dataserver.Subprocess.Backend.Calendarx1630x3 --own-path /org/gnome/evolution/dataserver/Subprocess/Backend/Calendar/1630/3
garychen  1722  1123  1722  0    5 18:21 ?        00:00:00 /usr/lib/evolution/evolution-addressbook-factory
garychen  1722  1123  1723  0    5 18:21 ?        00:00:00 /usr/lib/evolution/evolution-addressbook-factory
garychen  1722  1123  1725  0    5 18:21 ?        00:00:00 /usr/lib/evolution/evolution-addressbook-factory
garychen  1722  1123  1734  0    5 18:21 ?        00:00:00 /usr/lib/evolution/evolution-addressbook-factory
garychen  1722  1123  1735  0    5 18:21 ?        00:00:00 /usr/lib/evolution/evolution-addressbook-factory
garychen  1726  1123  1726  0    3 18:21 ?        00:00:00 /usr/lib/gvfs/gvfs-udisks2-volume-monitor
garychen  1726  1123  1729  0    3 18:21 ?        00:00:00 /usr/lib/gvfs/gvfs-udisks2-volume-monitor
garychen  1726  1123  1730  0    3 18:21 ?        00:00:00 /usr/lib/gvfs/gvfs-udisks2-volume-monitor
root      1738     1  1738  0    5 18:21 ?        00:00:00 /usr/lib/udisks2/udisksd --no-debug
root      1738     1  1741  0    5 18:21 ?        00:00:00 /usr/lib/udisks2/udisksd --no-debug
root      1738     1  1743  0    5 18:21 ?        00:00:00 /usr/lib/udisks2/udisksd --no-debug
root      1738     1  1746  0    5 18:21 ?        00:00:00 /usr/lib/udisks2/udisksd --no-debug
root      1738     1  1752  0    5 18:21 ?        00:00:00 /usr/lib/udisks2/udisksd --no-debug
garychen  1747  1722  1747  0    5 18:21 ?        00:00:00 /usr/lib/evolution/evolution-addressbook-factory-subprocess --factory local --bus-name org.gnome.evolution.dataserver.Subprocess.Backend.AddressBookx1722x2 --own-path /org/gnome/evolution/dataserver/Subprocess/Backend/AddressBook/1722/2
garychen  1747  1722  1756  0    5 18:21 ?        00:00:00 /usr/lib/evolution/evolution-addressbook-factory-subprocess --factory local --bus-name org.gnome.evolution.dataserver.Subprocess.Backend.AddressBookx1722x2 --own-path /org/gnome/evolution/dataserver/Subprocess/Backend/AddressBook/1722/2
garychen  1747  1722  1759  0    5 18:21 ?        00:00:00 /usr/lib/evolution/evolution-addressbook-factory-subprocess --factory local --bus-name org.gnome.evolution.dataserver.Subprocess.Backend.AddressBookx1722x2 --own-path /org/gnome/evolution/dataserver/Subprocess/Backend/AddressBook/1722/2
garychen  1747  1722  1762  0    5 18:21 ?        00:00:00 /usr/lib/evolution/evolution-addressbook-factory-subprocess --factory local --bus-name org.gnome.evolution.dataserver.Subprocess.Backend.AddressBookx1722x2 --own-path /org/gnome/evolution/dataserver/Subprocess/Backend/AddressBook/1722/2
garychen  1747  1722  1763  0    5 18:21 ?        00:00:00 /usr/lib/evolution/evolution-addressbook-factory-subprocess --factory local --bus-name org.gnome.evolution.dataserver.Subprocess.Backend.AddressBookx1722x2 --own-path /org/gnome/evolution/dataserver/Subprocess/Backend/AddressBook/1722/2
garychen  1760  1123  1760  0    4 18:21 ?        00:00:00 /usr/lib/gvfs/gvfs-afc-volume-monitor
garychen  1760  1123  1761  0    4 18:21 ?        00:00:00 /usr/lib/gvfs/gvfs-afc-volume-monitor
garychen  1760  1123  1764  0    4 18:21 ?        00:00:00 /usr/lib/gvfs/gvfs-afc-volume-monitor
garychen  1760  1123  1766  0    4 18:21 ?        00:00:00 /usr/lib/gvfs/gvfs-afc-volume-monitor
garychen  1769  1123  1769  0    3 18:21 ?        00:00:00 /usr/lib/gvfs/gvfs-mtp-volume-monitor
garychen  1769  1123  1770  0    3 18:21 ?        00:00:00 /usr/lib/gvfs/gvfs-mtp-volume-monitor
garychen  1769  1123  1772  0    3 18:21 ?        00:00:00 /usr/lib/gvfs/gvfs-mtp-volume-monitor
garychen  1773  1123  1773  0    3 18:21 ?        00:00:00 /usr/lib/gvfs/gvfs-gphoto2-volume-monitor
garychen  1773  1123  1775  0    3 18:21 ?        00:00:00 /usr/lib/gvfs/gvfs-gphoto2-volume-monitor
garychen  1773  1123  1777  0    3 18:21 ?        00:00:00 /usr/lib/gvfs/gvfs-gphoto2-volume-monitor
garychen  1780  1123  1780  0    3 18:21 ?        00:00:00 /usr/lib/gvfs/gvfs-goa-volume-monitor
garychen  1780  1123  1782  0    3 18:21 ?        00:00:00 /usr/lib/gvfs/gvfs-goa-volume-monitor
garychen  1780  1123  1783  0    3 18:21 ?        00:00:00 /usr/lib/gvfs/gvfs-goa-volume-monitor
garychen  1805  1123  1805  0    3 18:21 ?        00:00:00 /usr/lib/gvfs/gvfsd-trash --spawner :1.7 /org/gtk/gvfs/exec_spaw/0
garychen  1805  1123  1806  0    3 18:21 ?        00:00:00 /usr/lib/gvfs/gvfsd-trash --spawner :1.7 /org/gtk/gvfs/exec_spaw/0
garychen  1805  1123  1807  0    3 18:21 ?        00:00:00 /usr/lib/gvfs/gvfsd-trash --spawner :1.7 /org/gtk/gvfs/exec_spaw/0
garychen  1817  1123  1817  0    4 18:21 ?        00:00:00 /usr/lib/x86_64-linux-gnu/hud/hud-service
garychen  1817  1123  1818  0    4 18:21 ?        00:00:00 /usr/lib/x86_64-linux-gnu/hud/hud-service
garychen  1817  1123  1821  0    4 18:21 ?        00:00:00 /usr/lib/x86_64-linux-gnu/hud/hud-service
garychen  1817  1123  1822  0    4 18:21 ?        00:00:00 /usr/lib/x86_64-linux-gnu/hud/hud-service
root      1827     1  1827  0    5 18:21 ?        00:00:00 /usr/lib/fwupd/fwupd
root      1827     1  1828  0    5 18:21 ?        00:00:00 /usr/lib/fwupd/fwupd
root      1827     1  1835  0    5 18:21 ?        00:00:00 /usr/lib/fwupd/fwupd
root      1827     1  1836  0    5 18:21 ?        00:00:00 /usr/lib/fwupd/fwupd
root      1827     1  1839  0    5 18:21 ?        00:00:00 /usr/lib/fwupd/fwupd
garychen  1831  1123  1831  0    4 18:21 ?        00:00:00 /usr/lib/x86_64-linux-gnu/unity-scope-home/unity-scope-home
garychen  1831  1123  1832  0    4 18:21 ?        00:00:00 /usr/lib/x86_64-linux-gnu/unity-scope-home/unity-scope-home
garychen  1831  1123  1833  0    4 18:21 ?        00:00:00 /usr/lib/x86_64-linux-gnu/unity-scope-home/unity-scope-home
garychen  1831  1123  1834  0    4 18:21 ?        00:00:00 /usr/lib/x86_64-linux-gnu/unity-scope-home/unity-scope-home
garychen  1844  1123  1844  0    4 18:21 ?        00:00:00 /usr/bin/unity-scope-loader applications/applications.scope applications/scopes.scope commands.scope
garychen  1844  1123  1846  0    4 18:21 ?        00:00:00 /usr/bin/unity-scope-loader applications/applications.scope applications/scopes.scope commands.scope
garychen  1844  1123  1847  0    4 18:21 ?        00:00:00 /usr/bin/unity-scope-loader applications/applications.scope applications/scopes.scope commands.scope
garychen  1844  1123  1848  0    4 18:21 ?        00:00:00 /usr/bin/unity-scope-loader applications/applications.scope applications/scopes.scope commands.scope
garychen  1845  1123  1845  0    5 18:21 ?        00:00:00 /usr/lib/x86_64-linux-gnu/unity-lens-files/unity-files-daemon
garychen  1845  1123  1849  0    5 18:21 ?        00:00:00 /usr/lib/x86_64-linux-gnu/unity-lens-files/unity-files-daemon
garychen  1845  1123  1850  0    5 18:21 ?        00:00:00 /usr/lib/x86_64-linux-gnu/unity-lens-files/unity-files-daemon
garychen  1845  1123  1851  0    5 18:21 ?        00:00:00 /usr/lib/x86_64-linux-gnu/unity-lens-files/unity-files-daemon
garychen  1845  1123  1872  0    5 18:21 ?        00:00:00 /usr/lib/x86_64-linux-gnu/unity-lens-files/unity-files-daemon
garychen  1858  1123  1858  0    3 18:21 ?        00:00:00 /usr/bin/zeitgeist-daemon
garychen  1858  1123  1861  0    3 18:21 ?        00:00:00 /usr/bin/zeitgeist-daemon
garychen  1858  1123  1862  0    3 18:21 ?        00:00:00 /usr/bin/zeitgeist-daemon
garychen  1866  1123  1866  0    3 18:21 ?        00:00:00 /usr/lib/zeitgeist/zeitgeist/zeitgeist-fts
garychen  1866  1123  1867  0    3 18:21 ?        00:00:00 /usr/lib/zeitgeist/zeitgeist/zeitgeist-fts
garychen  1866  1123  1868  0    3 18:21 ?        00:00:00 /usr/lib/zeitgeist/zeitgeist/zeitgeist-fts
garychen  1871  1123  1871  0    4 18:21 ?        00:00:00 zeitgeist-datahub
garychen  1871  1123  1873  0    4 18:21 ?        00:00:00 zeitgeist-datahub
garychen  1871  1123  1875  0    4 18:21 ?        00:00:00 zeitgeist-datahub
garychen  1871  1123  1876  0    4 18:21 ?        00:00:00 zeitgeist-datahub
garychen  1977  1453  1977  0    4 18:22 ?        00:00:00 update-notifier
garychen  1977  1453  1980  0    4 18:22 ?        00:00:00 update-notifier
garychen  1977  1453  1981  0    4 18:22 ?        00:00:00 update-notifier
garychen  1977  1453  1982  0    4 18:22 ?        00:00:00 update-notifier
garychen  2020  1123  2020  0    3 18:22 ?        00:00:00 /usr/lib/gvfs/gvfsd-metadata
garychen  2020  1123  2021  0    3 18:22 ?        00:00:00 /usr/lib/gvfs/gvfsd-metadata
garychen  2020  1123  2022  0    3 18:22 ?        00:00:00 /usr/lib/gvfs/gvfsd-metadata
garychen  2038  1453  2038  0    4 18:23 ?        00:00:00 /usr/lib/x86_64-linux-gnu/deja-dup/deja-dup-monitor
garychen  2038  1453  2041  0    4 18:23 ?        00:00:00 /usr/lib/x86_64-linux-gnu/deja-dup/deja-dup-monitor
garychen  2038  1453  2042  0    4 18:23 ?        00:00:00 /usr/lib/x86_64-linux-gnu/deja-dup/deja-dup-monitor
garychen  2038  1453  2043  0    4 18:23 ?        00:00:00 /usr/lib/x86_64-linux-gnu/deja-dup/deja-dup-monitor
garychen  2625  1123  2625  0    4 19:32 ?        00:00:09 /usr/lib/gnome-terminal/gnome-terminal-server
garychen  2625  1123  2626  0    4 19:32 ?        00:00:00 /usr/lib/gnome-terminal/gnome-terminal-server
garychen  2625  1123  2627  0    4 19:32 ?        00:00:00 /usr/lib/gnome-terminal/gnome-terminal-server
garychen  2625  1123  2628  0    4 19:32 ?        00:00:00 /usr/lib/gnome-terminal/gnome-terminal-server
garychen  2634  2625  2634  0    1 19:32 pts/0    00:00:00 bash
root      3181     2  3181  0    1 20:52 ?        00:00:00 [kworker/0:1]
root      3247     2  3247  0    1 20:58 ?        00:00:00 [kworker/u2:1]
garychen  3291  2625  3291  0    1 21:02 pts/1    00:00:00 bash
root      3305     2  3305  0    1 21:03 ?        00:00:00 [kworker/u2:2]
root      3317     2  3317  0    1 21:04 ?        00:00:00 [kworker/0:0]
garychen  3358  1123  3358  1    4 21:08 ?        00:00:02 gedit /home/garychen/Documents/es/2week/test/psOutput.log
garychen  3358  1123  3360  0    4 21:08 ?        00:00:00 gedit /home/garychen/Documents/es/2week/test/psOutput.log
garychen  3358  1123  3361  0    4 21:08 ?        00:00:00 gedit /home/garychen/Documents/es/2week/test/psOutput.log
garychen  3358  1123  3362  0    4 21:08 ?        00:00:00 gedit /home/garychen/Documents/es/2week/test/psOutput.log
root      3368     2  3368  0    1 21:09 ?        00:00:00 [kworker/u2:0]
garychen  3383  2634  3383  0    3 21:11 pts/0    00:00:00 ./thread-ex
garychen  3383  2634  3384  0    3 21:11 pts/0    00:00:00 ./thread-ex
garychen  3383  2634  3385  0    3 21:11 pts/0    00:00:00 ./thread-ex
garychen  3386  3291  3386  0    1 21:11 pts/1    00:00:00 ps -eLf
